okt 20, 2014 4:27:53 EM org.apache.catalina.core.AprLifecycleListener init
INFO: Loaded APR based Apache Tomcat Native library 1.1.31 using APR version 1.4.8.
okt 20, 2014 4:27:53 EM org.apache.catalina.core.AprLifecycleListener init
INFO: APR capabilities: IPv6 [true], sendfile [true], accept filters [false], random [true].
okt 20, 2014 4:27:55 EM org.apache.catalina.core.AprLifecycleListener initializeSSL
INFO: OpenSSL successfully initialized (OpenSSL 1.0.1h 5 Jun 2014)
okt 20, 2014 4:27:57 EM org.apache.coyote.AbstractProtocol init
INFO: Initializing ProtocolHandler ["http-apr-8080"]
okt 20, 2014 4:27:57 EM org.apache.coyote.AbstractProtocol init
INFO: Initializing ProtocolHandler ["ajp-apr-8009"]
okt 20, 2014 4:27:57 EM org.apache.catalina.startup.Catalina load
INFO: Initialization processed in 6974 ms
okt 20, 2014 4:28:21 EM org.apache.catalina.core.AprLifecycleListener init
INFO: Loaded APR based Apache Tomcat Native library 1.1.31 using APR version 1.4.8.
okt 20, 2014 4:28:21 EM org.apache.catalina.core.AprLifecycleListener init
INFO: APR capabilities: IPv6 [true], sendfile [true], accept filters [false], random [true].
okt 20, 2014 4:28:22 EM org.apache.catalina.core.AprLifecycleListener initializeSSL
INFO: OpenSSL successfully initialized (OpenSSL 1.0.1h 5 Jun 2014)
okt 20, 2014 4:28:23 EM org.apache.coyote.AbstractProtocol init
INFO: Initializing ProtocolHandler ["http-apr-8080"]
okt 20, 2014 4:28:23 EM org.apache.coyote.AbstractProtocol init
INFO: Initializing ProtocolHandler ["ajp-apr-8009"]
okt 20, 2014 4:28:23 EM org.apache.catalina.startup.Catalina load
INFO: Initialization processed in 3817 ms
okt 20, 2014 4:28:23 EM org.apache.catalina.core.StandardService startInternal
INFO: Starting service Catalina
okt 20, 2014 4:28:23 EM org.apache.catalina.core.StandardEngine startInternal
INFO: Starting Servlet Engine: Apache Tomcat/7.0.56
okt 20, 2014 4:28:23 EM org.apache.catalina.startup.HostConfig deployDirectory
INFO: Deploying web application directory C:\java\apache-tomcat-7.0.56\webapps\docs
okt 20, 2014 4:28:26 EM org.apache.catalina.util.SessionIdGenerator createSecureRandom
INFO: Creation of SecureRandom instance for session ID generation using [SHA1PRNG] took [555] milliseconds.
okt 20, 2014 4:28:26 EM org.apache.catalina.startup.HostConfig deployDirectory
INFO: Deployment of web application directory C:\java\apache-tomcat-7.0.56\webapps\docs has finished in 2,595 ms
okt 20, 2014 4:28:26 EM org.apache.catalina.startup.HostConfig deployDirectory
INFO: Deploying web application directory C:\java\apache-tomcat-7.0.56\webapps\examples
okt 20, 2014 4:28:29 EM org.apache.catalina.startup.HostConfig deployDirectory
INFO: Deployment of web application directory C:\java\apache-tomcat-7.0.56\webapps\examples has finished in 3,352 ms
okt 20, 2014 4:28:29 EM org.apache.catalina.startup.HostConfig deployDirectory
INFO: Deploying web application directory C:\java\apache-tomcat-7.0.56\webapps\host-manager
okt 20, 2014 4:28:30 EM org.apache.catalina.startup.HostConfig deployDirectory
INFO: Deployment of web application directory C:\java\apache-tomcat-7.0.56\webapps\host-manager has finished in 611 ms
okt 20, 2014 4:28:30 EM org.apache.catalina.startup.HostConfig deployDirectory
INFO: Deploying web application directory C:\java\apache-tomcat-7.0.56\webapps\manager
okt 20, 2014 4:28:30 EM org.apache.catalina.startup.HostConfig deployDirectory
INFO: Deployment of web application directory C:\java\apache-tomcat-7.0.56\webapps\manager has finished in 233 ms
okt 20, 2014 4:28:30 EM org.apache.catalina.startup.HostConfig deployDirectory
INFO: Deploying web application directory C:\java\apache-tomcat-7.0.56\webapps\ROOT
okt 20, 2014 4:28:31 EM org.apache.catalina.startup.HostConfig deployDirectory
INFO: Deployment of web application directory C:\java\apache-tomcat-7.0.56\webapps\ROOT has finished in 315 ms
okt 20, 2014 4:28:31 EM org.apache.coyote.AbstractProtocol start
INFO: Starting ProtocolHandler ["http-apr-8080"]
okt 20, 2014 4:28:31 EM org.apache.coyote.AbstractProtocol start
INFO: Starting ProtocolHandler ["ajp-apr-8009"]
okt 20, 2014 4:28:31 EM org.apache.catalina.startup.Catalina start
INFO: Server startup in 7561 ms
okt 20, 2014 5:24:20 EM org.apache.catalina.core.StandardServer await
INFO: A valid shutdown command was received via the shutdown port. Stopping the Server instance.
okt 20, 2014 5:24:20 EM org.apache.coyote.AbstractProtocol pause
INFO: Pausing ProtocolHandler ["http-apr-8080"]
okt 20, 2014 5:24:20 EM org.apache.coyote.AbstractProtocol pause
INFO: Pausing ProtocolHandler ["ajp-apr-8009"]
okt 20, 2014 5:24:20 EM org.apache.catalina.core.StandardService stopInternal
INFO: Stopping service Catalina
okt 20, 2014 5:24:20 EM org.apache.coyote.AbstractProtocol stop
INFO: Stopping ProtocolHandler ["http-apr-8080"]
okt 20, 2014 5:24:21 EM org.apache.coyote.AbstractProtocol stop
INFO: Stopping ProtocolHandler ["ajp-apr-8009"]
okt 20, 2014 5:24:21 EM org.apache.coyote.AbstractProtocol destroy
INFO: Destroying ProtocolHandler ["http-apr-8080"]
okt 20, 2014 5:24:21 EM org.apache.coyote.AbstractProtocol destroy
INFO: Destroying ProtocolHandler ["ajp-apr-8009"]
okt 20, 2014 9:08:43 EM org.apache.catalina.core.AprLifecycleListener init
INFO: Loaded APR based Apache Tomcat Native library 1.1.31 using APR version 1.4.8.
okt 20, 2014 9:08:43 EM org.apache.catalina.core.AprLifecycleListener init
INFO: APR capabilities: IPv6 [true], sendfile [true], accept filters [false], random [true].
okt 20, 2014 9:08:45 EM org.apache.catalina.core.AprLifecycleListener initializeSSL
INFO: OpenSSL successfully initialized (OpenSSL 1.0.1h 5 Jun 2014)
okt 20, 2014 9:08:49 EM org.apache.coyote.AbstractProtocol init
INFO: Initializing ProtocolHandler ["http-apr-8080"]
okt 20, 2014 9:08:49 EM org.apache.coyote.AbstractProtocol init
INFO: Initializing ProtocolHandler ["ajp-apr-8009"]
okt 20, 2014 9:08:49 EM org.apache.catalina.startup.Catalina load
INFO: Initialization processed in 7618 ms
okt 20, 2014 9:08:49 EM org.apache.catalina.core.StandardService startInternal
INFO: Starting service Catalina
okt 20, 2014 9:08:49 EM org.apache.catalina.core.StandardEngine startInternal
INFO: Starting Servlet Engine: Apache Tomcat/7.0.56
okt 20, 2014 9:08:49 EM org.apache.catalina.startup.HostConfig deployDirectory
INFO: Deploying web application directory C:\java\apache-tomcat-7.0.56\webapps\docs
okt 20, 2014 9:08:52 EM org.apache.catalina.util.SessionIdGenerator createSecureRandom
INFO: Creation of SecureRandom instance for session ID generation using [SHA1PRNG] took [1,165] milliseconds.
okt 20, 2014 9:08:52 EM org.apache.catalina.startup.HostConfig deployDirectory
INFO: Deployment of web application directory C:\java\apache-tomcat-7.0.56\webapps\docs has finished in 2,994 ms
okt 20, 2014 9:08:52 EM org.apache.catalina.startup.HostConfig deployDirectory
INFO: Deploying web application directory C:\java\apache-tomcat-7.0.56\webapps\examples
okt 20, 2014 9:08:56 EM org.apache.catalina.startup.HostConfig deployDirectory
INFO: Deployment of web application directory C:\java\apache-tomcat-7.0.56\webapps\examples has finished in 3,923 ms
okt 20, 2014 9:08:56 EM org.apache.catalina.startup.HostConfig deployDirectory
INFO: Deploying web application directory C:\java\apache-tomcat-7.0.56\webapps\host-manager
okt 20, 2014 9:08:57 EM org.apache.catalina.startup.HostConfig deployDirectory
INFO: Deployment of web application directory C:\java\apache-tomcat-7.0.56\webapps\host-manager has finished in 885 ms
okt 20, 2014 9:08:57 EM org.apache.catalina.startup.HostConfig deployDirectory
INFO: Deploying web application directory C:\java\apache-tomcat-7.0.56\webapps\manager
okt 20, 2014 9:08:57 EM org.apache.catalina.startup.HostConfig deployDirectory
INFO: Deployment of web application directory C:\java\apache-tomcat-7.0.56\webapps\manager has finished in 261 ms
okt 20, 2014 9:08:57 EM org.apache.catalina.startup.HostConfig deployDirectory
INFO: Deploying web application directory C:\java\apache-tomcat-7.0.56\webapps\ROOT
okt 20, 2014 9:08:57 EM org.apache.catalina.startup.HostConfig deployDirectory
INFO: Deployment of web application directory C:\java\apache-tomcat-7.0.56\webapps\ROOT has finished in 225 ms
okt 20, 2014 9:08:57 EM org.apache.coyote.AbstractProtocol start
INFO: Starting ProtocolHandler ["http-apr-8080"]
okt 20, 2014 9:08:57 EM org.apache.coyote.AbstractProtocol start
INFO: Starting ProtocolHandler ["ajp-apr-8009"]
okt 20, 2014 9:08:57 EM org.apache.catalina.startup.Catalina start
INFO: Server startup in 8633 ms
okt 20, 2014 9:40:55 EM org.apache.catalina.startup.HostConfig deployDirectory
INFO: Deploying web application directory C:\java\apache-tomcat-7.0.56\webapps\Ny mapp
okt 20, 2014 9:40:55 EM org.apache.catalina.startup.HostConfig deployDirectory
INFO: Deployment of web application directory C:\java\apache-tomcat-7.0.56\webapps\Ny mapp has finished in 437 ms
okt 20, 2014 9:41:06 EM org.apache.catalina.startup.HostConfig undeploy
INFO: Undeploying context [/Ny mapp]
okt 20, 2014 9:41:06 EM org.apache.catalina.startup.HostConfig deployDirectory
INFO: Deploying web application directory C:\java\apache-tomcat-7.0.56\webapps\GoJbchatt
okt 20, 2014 9:41:07 EM org.apache.catalina.startup.HostConfig deployDirectory
INFO: Deployment of web application directory C:\java\apache-tomcat-7.0.56\webapps\GoJbchatt has finished in 766 ms
okt 20, 2014 9:41:27 EM org.apache.catalina.startup.HostConfig reload
INFO: Reloading context [/GoJbchatt]
okt 20, 2014 9:41:27 EM org.apache.catalina.core.StandardContext reload
INFO: Reloading Context with name [/GoJbchatt] has started
okt 20, 2014 9:41:28 EM org.apache.catalina.startup.TldConfig tldScanWebXml
VARNING: Failed to process TLD with path [/WEB-INF/jsp2/jsp2-example-taglib.tld] and URI [http://tomcat.apache.org/jsp2-example-taglib]. The specified path does not exist.
okt 20, 2014 9:41:28 EM org.apache.catalina.startup.TldConfig tldScanWebXml
VARNING: Failed to process TLD with path [/WEB-INF/jsp/example-taglib.tld] and URI [http://tomcat.apache.org/example-taglib]. The specified path does not exist.
okt 20, 2014 9:41:28 EM org.apache.catalina.startup.TldConfig tldScanWebXml
VARNING: Failed to process TLD with path [/WEB-INF/jsp/debug-taglib.tld] and URI [http://tomcat.apache.org/debug-taglib]. The specified path does not exist.
okt 20, 2014 9:41:28 EM org.apache.catalina.core.StandardContext reload
INFO: Reloading Context with name [/GoJbchatt] is completed
okt 20, 2014 9:52:13 EM org.apache.catalina.core.StandardServer await
INFO: A valid shutdown command was received via the shutdown port. Stopping the Server instance.
okt 20, 2014 9:52:13 EM org.apache.coyote.AbstractProtocol pause
INFO: Pausing ProtocolHandler ["http-apr-8080"]
okt 20, 2014 9:52:13 EM org.apache.coyote.AbstractProtocol pause
INFO: Pausing ProtocolHandler ["ajp-apr-8009"]
okt 20, 2014 9:52:13 EM org.apache.catalina.core.StandardService stopInternal
INFO: Stopping service Catalina
okt 20, 2014 9:52:14 EM org.apache.coyote.AbstractProtocol stop
INFO: Stopping ProtocolHandler ["http-apr-8080"]
okt 20, 2014 9:52:14 EM org.apache.coyote.AbstractProtocol stop
INFO: Stopping ProtocolHandler ["ajp-apr-8009"]
okt 20, 2014 9:52:14 EM org.apache.coyote.AbstractProtocol destroy
INFO: Destroying ProtocolHandler ["http-apr-8080"]
okt 20, 2014 9:52:14 EM org.apache.coyote.AbstractProtocol destroy
INFO: Destroying ProtocolHandler ["ajp-apr-8009"]
okt 20, 2014 9:52:16 EM org.apache.catalina.core.AprLifecycleListener init
INFO: Loaded APR based Apache Tomcat Native library 1.1.31 using APR version 1.4.8.
okt 20, 2014 9:52:16 EM org.apache.catalina.core.AprLifecycleListener init
INFO: APR capabilities: IPv6 [true], sendfile [true], accept filters [false], random [true].
okt 20, 2014 9:52:18 EM org.apache.catalina.core.AprLifecycleListener initializeSSL
INFO: OpenSSL successfully initialized (OpenSSL 1.0.1h 5 Jun 2014)
okt 20, 2014 9:52:19 EM org.apache.coyote.AbstractProtocol init
INFO: Initializing ProtocolHandler ["http-apr-8080"]
okt 20, 2014 9:52:19 EM org.apache.coyote.AbstractProtocol init
INFO: Initializing ProtocolHandler ["ajp-apr-8009"]
okt 20, 2014 9:52:19 EM org.apache.catalina.startup.Catalina load
INFO: Initialization processed in 3877 ms
okt 20, 2014 9:52:19 EM org.apache.catalina.core.StandardService startInternal
INFO: Starting service Catalina
okt 20, 2014 9:52:19 EM org.apache.catalina.core.StandardEngine startInternal
INFO: Starting Servlet Engine: Apache Tomcat/7.0.56
okt 20, 2014 9:52:19 EM org.apache.catalina.startup.HostConfig deployDirectory
INFO: Deploying web application directory C:\java\apache-tomcat-7.0.56\webapps\docs
okt 20, 2014 9:52:21 EM org.apache.catalina.util.SessionIdGenerator createSecureRandom
INFO: Creation of SecureRandom instance for session ID generation using [SHA1PRNG] took [441] milliseconds.
okt 20, 2014 9:52:21 EM org.apache.catalina.startup.HostConfig deployDirectory
INFO: Deployment of web application directory C:\java\apache-tomcat-7.0.56\webapps\docs has finished in 1,985 ms
okt 20, 2014 9:52:21 EM org.apache.catalina.startup.HostConfig deployDirectory
INFO: Deploying web application directory C:\java\apache-tomcat-7.0.56\webapps\examples
okt 20, 2014 9:52:24 EM org.apache.catalina.startup.HostConfig deployDirectory
INFO: Deployment of web application directory C:\java\apache-tomcat-7.0.56\webapps\examples has finished in 3,061 ms
okt 20, 2014 9:52:24 EM org.apache.catalina.startup.HostConfig deployDirectory
INFO: Deploying web application directory C:\java\apache-tomcat-7.0.56\webapps\GoJbchatt
okt 20, 2014 9:52:25 EM org.apache.catalina.startup.TldConfig tldScanWebXml
VARNING: Failed to process TLD with path [/WEB-INF/jsp2/jsp2-example-taglib.tld] and URI [http://tomcat.apache.org/jsp2-example-taglib]. The specified path does not exist.
okt 20, 2014 9:52:25 EM org.apache.catalina.startup.TldConfig tldScanWebXml
VARNING: Failed to process TLD with path [/WEB-INF/jsp/example-taglib.tld] and URI [http://tomcat.apache.org/example-taglib]. The specified path does not exist.
okt 20, 2014 9:52:25 EM org.apache.catalina.startup.TldConfig tldScanWebXml
VARNING: Failed to process TLD with path [/WEB-INF/jsp/debug-taglib.tld] and URI [http://tomcat.apache.org/debug-taglib]. The specified path does not exist.
okt 20, 2014 9:52:25 EM org.apache.catalina.core.StandardContext startInternal
ALLVARLIG: Error listenerStart
okt 20, 2014 9:52:25 EM org.apache.catalina.core.StandardContext startInternal
ALLVARLIG: Context [/GoJbchatt] startup failed due to previous errors
okt 20, 2014 9:52:25 EM org.apache.catalina.startup.HostConfig deployDirectory
INFO: Deployment of web application directory C:\java\apache-tomcat-7.0.56\webapps\GoJbchatt has finished in 466 ms
okt 20, 2014 9:52:25 EM org.apache.catalina.startup.HostConfig deployDirectory
INFO: Deploying web application directory C:\java\apache-tomcat-7.0.56\webapps\host-manager
okt 20, 2014 9:52:25 EM org.apache.catalina.startup.HostConfig deployDirectory
INFO: Deployment of web application directory C:\java\apache-tomcat-7.0.56\webapps\host-manager has finished in 553 ms
okt 20, 2014 9:52:25 EM org.apache.catalina.startup.HostConfig deployDirectory
INFO: Deploying web application directory C:\java\apache-tomcat-7.0.56\webapps\manager
okt 20, 2014 9:52:25 EM org.apache.catalina.startup.HostConfig deployDirectory
INFO: Deployment of web application directory C:\java\apache-tomcat-7.0.56\webapps\manager has finished in 157 ms
okt 20, 2014 9:52:25 EM org.apache.catalina.startup.HostConfig deployDirectory
INFO: Deploying web application directory C:\java\apache-tomcat-7.0.56\webapps\ROOT
okt 20, 2014 9:52:26 EM org.apache.catalina.startup.HostConfig deployDirectory
INFO: Deployment of web application directory C:\java\apache-tomcat-7.0.56\webapps\ROOT has finished in 217 ms
okt 20, 2014 9:52:26 EM org.apache.coyote.AbstractProtocol start
INFO: Starting ProtocolHandler ["http-apr-8080"]
okt 20, 2014 9:52:26 EM org.apache.coyote.AbstractProtocol start
INFO: Starting ProtocolHandler ["ajp-apr-8009"]
okt 20, 2014 9:52:26 EM org.apache.catalina.startup.Catalina start
INFO: Server startup in 6868 ms
