okt 12, 2014 9:00:20 EM org.apache.catalina.core.AprLifecycleListener init
INFO: Loaded APR based Apache Tomcat Native library 1.1.31 using APR version 1.4.8.
okt 12, 2014 9:00:21 EM org.apache.catalina.core.AprLifecycleListener init
INFO: APR capabilities: IPv6 [true], sendfile [true], accept filters [false], random [true].
okt 12, 2014 9:00:22 EM org.apache.catalina.core.AprLifecycleListener initializeSSL
INFO: OpenSSL successfully initialized (OpenSSL 1.0.1h 5 Jun 2014)
okt 12, 2014 9:00:24 EM org.apache.coyote.AbstractProtocol init
INFO: Initializing ProtocolHandler ["http-apr-8080"]
okt 12, 2014 9:00:47 EM org.apache.coyote.AbstractProtocol init
INFO: Initializing ProtocolHandler ["ajp-apr-8009"]
okt 12, 2014 9:00:49 EM org.apache.catalina.startup.Catalina load
INFO: Initialization processed in 32596 ms
okt 12, 2014 9:00:50 EM org.apache.catalina.core.StandardService startInternal
INFO: Starting service Catalina
okt 12, 2014 9:00:50 EM org.apache.catalina.core.StandardEngine startInternal
INFO: Starting Servlet Engine: Apache Tomcat/7.0.56
okt 12, 2014 9:00:50 EM org.apache.catalina.startup.HostConfig deployDirectory
INFO: Deploying web application directory C:\java\apache-tomcat-7.0.56\webapps\docs
okt 12, 2014 9:00:52 EM org.apache.catalina.util.SessionIdGenerator createSecureRandom
INFO: Creation of SecureRandom instance for session ID generation using [SHA1PRNG] took [574] milliseconds.
okt 12, 2014 9:00:52 EM org.apache.catalina.startup.HostConfig deployDirectory
INFO: Deployment of web application directory C:\java\apache-tomcat-7.0.56\webapps\docs has finished in 2,232 ms
okt 12, 2014 9:00:52 EM org.apache.catalina.startup.HostConfig deployDirectory
INFO: Deploying web application directory C:\java\apache-tomcat-7.0.56\webapps\examples
okt 12, 2014 9:00:55 EM org.apache.catalina.startup.HostConfig deployDirectory
INFO: Deployment of web application directory C:\java\apache-tomcat-7.0.56\webapps\examples has finished in 3,163 ms
okt 12, 2014 9:00:55 EM org.apache.catalina.startup.HostConfig deployDirectory
INFO: Deploying web application directory C:\java\apache-tomcat-7.0.56\webapps\host-manager
okt 12, 2014 9:00:56 EM org.apache.catalina.startup.HostConfig deployDirectory
INFO: Deployment of web application directory C:\java\apache-tomcat-7.0.56\webapps\host-manager has finished in 1,049 ms
okt 12, 2014 9:00:56 EM org.apache.catalina.startup.HostConfig deployDirectory
INFO: Deploying web application directory C:\java\apache-tomcat-7.0.56\webapps\manager
okt 12, 2014 9:00:57 EM org.apache.catalina.startup.HostConfig deployDirectory
INFO: Deployment of web application directory C:\java\apache-tomcat-7.0.56\webapps\manager has finished in 398 ms
okt 12, 2014 9:00:57 EM org.apache.catalina.startup.HostConfig deployDirectory
INFO: Deploying web application directory C:\java\apache-tomcat-7.0.56\webapps\ROOT
okt 12, 2014 9:00:57 EM org.apache.catalina.startup.HostConfig deployDirectory
INFO: Deployment of web application directory C:\java\apache-tomcat-7.0.56\webapps\ROOT has finished in 199 ms
okt 12, 2014 9:00:57 EM org.apache.coyote.AbstractProtocol start
INFO: Starting ProtocolHandler ["http-apr-8080"]
okt 12, 2014 9:00:57 EM org.apache.coyote.AbstractProtocol start
INFO: Starting ProtocolHandler ["ajp-apr-8009"]
okt 12, 2014 9:00:57 EM org.apache.catalina.startup.Catalina start
INFO: Server startup in 7370 ms
okt 12, 2014 9:17:41 EM org.apache.catalina.core.StandardServer await
INFO: A valid shutdown command was received via the shutdown port. Stopping the Server instance.
okt 12, 2014 9:17:41 EM org.apache.coyote.AbstractProtocol pause
INFO: Pausing ProtocolHandler ["http-apr-8080"]
okt 12, 2014 9:17:41 EM org.apache.coyote.AbstractProtocol pause
INFO: Pausing ProtocolHandler ["ajp-apr-8009"]
okt 12, 2014 9:17:41 EM org.apache.catalina.core.StandardService stopInternal
INFO: Stopping service Catalina
okt 12, 2014 9:17:41 EM org.apache.coyote.AbstractProtocol stop
INFO: Stopping ProtocolHandler ["http-apr-8080"]
okt 12, 2014 9:17:41 EM org.apache.coyote.AbstractProtocol stop
INFO: Stopping ProtocolHandler ["ajp-apr-8009"]
okt 12, 2014 9:17:41 EM org.apache.coyote.AbstractProtocol destroy
INFO: Destroying ProtocolHandler ["http-apr-8080"]
okt 12, 2014 9:17:41 EM org.apache.coyote.AbstractProtocol destroy
INFO: Destroying ProtocolHandler ["ajp-apr-8009"]
okt 12, 2014 9:17:47 EM org.apache.catalina.core.AprLifecycleListener init
INFO: Loaded APR based Apache Tomcat Native library 1.1.31 using APR version 1.4.8.
okt 12, 2014 9:17:47 EM org.apache.catalina.core.AprLifecycleListener init
INFO: APR capabilities: IPv6 [true], sendfile [true], accept filters [false], random [true].
okt 12, 2014 9:17:49 EM org.apache.catalina.core.AprLifecycleListener initializeSSL
INFO: OpenSSL successfully initialized (OpenSSL 1.0.1h 5 Jun 2014)
okt 12, 2014 9:17:49 EM org.apache.coyote.AbstractProtocol init
INFO: Initializing ProtocolHandler ["http-apr-8080"]
okt 12, 2014 9:17:49 EM org.apache.coyote.AbstractProtocol init
INFO: Initializing ProtocolHandler ["ajp-apr-8009"]
okt 12, 2014 9:17:49 EM org.apache.catalina.startup.Catalina load
INFO: Initialization processed in 3963 ms
okt 12, 2014 9:17:50 EM org.apache.catalina.core.StandardService startInternal
INFO: Starting service Catalina
okt 12, 2014 9:17:50 EM org.apache.catalina.core.StandardEngine startInternal
INFO: Starting Servlet Engine: Apache Tomcat/7.0.56
okt 12, 2014 9:17:50 EM org.apache.catalina.startup.HostConfig deployDirectory
INFO: Deploying web application directory C:\java\apache-tomcat-7.0.56\webapps\docs
okt 12, 2014 9:17:52 EM org.apache.catalina.util.SessionIdGenerator createSecureRandom
INFO: Creation of SecureRandom instance for session ID generation using [SHA1PRNG] took [514] milliseconds.
okt 12, 2014 9:17:52 EM org.apache.catalina.startup.HostConfig deployDirectory
INFO: Deployment of web application directory C:\java\apache-tomcat-7.0.56\webapps\docs has finished in 2,110 ms
okt 12, 2014 9:17:52 EM org.apache.catalina.startup.HostConfig deployDirectory
INFO: Deploying web application directory C:\java\apache-tomcat-7.0.56\webapps\examples
okt 12, 2014 9:17:55 EM org.apache.catalina.startup.HostConfig deployDirectory
INFO: Deployment of web application directory C:\java\apache-tomcat-7.0.56\webapps\examples has finished in 3,149 ms
okt 12, 2014 9:17:55 EM org.apache.catalina.startup.HostConfig deployDirectory
INFO: Deploying web application directory C:\java\apache-tomcat-7.0.56\webapps\host-manager
okt 12, 2014 9:17:56 EM org.apache.catalina.startup.HostConfig deployDirectory
INFO: Deployment of web application directory C:\java\apache-tomcat-7.0.56\webapps\host-manager has finished in 766 ms
okt 12, 2014 9:17:56 EM org.apache.catalina.startup.HostConfig deployDirectory
INFO: Deploying web application directory C:\java\apache-tomcat-7.0.56\webapps\manager
okt 12, 2014 9:17:56 EM org.apache.catalina.startup.HostConfig deployDirectory
INFO: Deployment of web application directory C:\java\apache-tomcat-7.0.56\webapps\manager has finished in 268 ms
okt 12, 2014 9:17:56 EM org.apache.catalina.startup.HostConfig deployDirectory
INFO: Deploying web application directory C:\java\apache-tomcat-7.0.56\webapps\ROOT
okt 12, 2014 9:17:56 EM org.apache.catalina.startup.HostConfig deployDirectory
INFO: Deployment of web application directory C:\java\apache-tomcat-7.0.56\webapps\ROOT has finished in 164 ms
okt 12, 2014 9:17:56 EM org.apache.coyote.AbstractProtocol start
INFO: Starting ProtocolHandler ["http-apr-8080"]
okt 12, 2014 9:17:56 EM org.apache.coyote.AbstractProtocol start
INFO: Starting ProtocolHandler ["ajp-apr-8009"]
okt 12, 2014 9:17:56 EM org.apache.catalina.startup.Catalina start
INFO: Server startup in 6679 ms
okt 12, 2014 9:19:19 EM org.apache.catalina.core.StandardServer await
INFO: A valid shutdown command was received via the shutdown port. Stopping the Server instance.
okt 12, 2014 9:19:19 EM org.apache.coyote.AbstractProtocol pause
INFO: Pausing ProtocolHandler ["http-apr-8080"]
okt 12, 2014 9:19:19 EM org.apache.coyote.AbstractProtocol pause
INFO: Pausing ProtocolHandler ["ajp-apr-8009"]
okt 12, 2014 9:19:19 EM org.apache.catalina.core.StandardService stopInternal
INFO: Stopping service Catalina
okt 12, 2014 9:19:19 EM org.apache.coyote.AbstractProtocol stop
INFO: Stopping ProtocolHandler ["http-apr-8080"]
okt 12, 2014 9:19:19 EM org.apache.coyote.AbstractProtocol stop
INFO: Stopping ProtocolHandler ["ajp-apr-8009"]
okt 12, 2014 9:19:19 EM org.apache.coyote.AbstractProtocol destroy
INFO: Destroying ProtocolHandler ["http-apr-8080"]
okt 12, 2014 9:19:19 EM org.apache.coyote.AbstractProtocol destroy
INFO: Destroying ProtocolHandler ["ajp-apr-8009"]
okt 12, 2014 9:19:23 EM org.apache.catalina.core.AprLifecycleListener init
INFO: Loaded APR based Apache Tomcat Native library 1.1.31 using APR version 1.4.8.
okt 12, 2014 9:19:23 EM org.apache.catalina.core.AprLifecycleListener init
INFO: APR capabilities: IPv6 [true], sendfile [true], accept filters [false], random [true].
okt 12, 2014 9:19:25 EM org.apache.catalina.core.AprLifecycleListener initializeSSL
INFO: OpenSSL successfully initialized (OpenSSL 1.0.1h 5 Jun 2014)
okt 12, 2014 9:19:27 EM org.apache.coyote.AbstractProtocol init
INFO: Initializing ProtocolHandler ["http-apr-8080"]
okt 12, 2014 9:19:27 EM org.apache.coyote.AbstractProtocol init
INFO: Initializing ProtocolHandler ["ajp-apr-8009"]
okt 12, 2014 9:19:27 EM org.apache.catalina.startup.Catalina load
INFO: Initialization processed in 5402 ms
okt 12, 2014 9:19:27 EM org.apache.catalina.core.StandardService startInternal
INFO: Starting service Catalina
okt 12, 2014 9:19:27 EM org.apache.catalina.core.StandardEngine startInternal
INFO: Starting Servlet Engine: Apache Tomcat/7.0.56
okt 12, 2014 9:19:27 EM org.apache.catalina.startup.HostConfig deployDirectory
INFO: Deploying web application directory C:\java\apache-tomcat-7.0.56\webapps\docs
okt 12, 2014 9:19:28 EM org.apache.catalina.util.SessionIdGenerator createSecureRandom
INFO: Creation of SecureRandom instance for session ID generation using [SHA1PRNG] took [571] milliseconds.
okt 12, 2014 9:19:28 EM org.apache.catalina.startup.HostConfig deployDirectory
INFO: Deployment of web application directory C:\java\apache-tomcat-7.0.56\webapps\docs has finished in 1,440 ms
okt 12, 2014 9:19:28 EM org.apache.catalina.startup.HostConfig deployDirectory
INFO: Deploying web application directory C:\java\apache-tomcat-7.0.56\webapps\examples
okt 12, 2014 9:19:29 EM org.apache.catalina.startup.HostConfig deployDirectory
INFO: Deployment of web application directory C:\java\apache-tomcat-7.0.56\webapps\examples has finished in 964 ms
okt 12, 2014 9:19:29 EM org.apache.catalina.startup.HostConfig deployDirectory
INFO: Deploying web application directory C:\java\apache-tomcat-7.0.56\webapps\host-manager
okt 12, 2014 9:19:30 EM org.apache.catalina.startup.HostConfig deployDirectory
INFO: Deployment of web application directory C:\java\apache-tomcat-7.0.56\webapps\host-manager has finished in 307 ms
okt 12, 2014 9:19:30 EM org.apache.catalina.startup.HostConfig deployDirectory
INFO: Deploying web application directory C:\java\apache-tomcat-7.0.56\webapps\manager
okt 12, 2014 9:19:30 EM org.apache.catalina.startup.HostConfig deployDirectory
INFO: Deployment of web application directory C:\java\apache-tomcat-7.0.56\webapps\manager has finished in 326 ms
okt 12, 2014 9:19:30 EM org.apache.catalina.startup.HostConfig deployDirectory
INFO: Deploying web application directory C:\java\apache-tomcat-7.0.56\webapps\ROOT
okt 12, 2014 9:19:30 EM org.apache.catalina.startup.HostConfig deployDirectory
INFO: Deployment of web application directory C:\java\apache-tomcat-7.0.56\webapps\ROOT has finished in 171 ms
okt 12, 2014 9:19:30 EM org.apache.coyote.AbstractProtocol start
INFO: Starting ProtocolHandler ["http-apr-8080"]
okt 12, 2014 9:19:30 EM org.apache.coyote.AbstractProtocol start
INFO: Starting ProtocolHandler ["ajp-apr-8009"]
okt 12, 2014 9:19:30 EM org.apache.catalina.startup.Catalina start
INFO: Server startup in 3392 ms
okt 12, 2014 9:23:16 EM org.apache.catalina.core.StandardServer await
INFO: A valid shutdown command was received via the shutdown port. Stopping the Server instance.
okt 12, 2014 9:23:16 EM org.apache.coyote.AbstractProtocol pause
INFO: Pausing ProtocolHandler ["http-apr-8080"]
okt 12, 2014 9:23:16 EM org.apache.coyote.AbstractProtocol pause
INFO: Pausing ProtocolHandler ["ajp-apr-8009"]
okt 12, 2014 9:23:16 EM org.apache.catalina.core.StandardService stopInternal
INFO: Stopping service Catalina
okt 12, 2014 9:23:16 EM org.apache.coyote.AbstractProtocol stop
INFO: Stopping ProtocolHandler ["http-apr-8080"]
okt 12, 2014 9:23:16 EM org.apache.coyote.AbstractProtocol stop
INFO: Stopping ProtocolHandler ["ajp-apr-8009"]
okt 12, 2014 9:23:16 EM org.apache.coyote.AbstractProtocol destroy
INFO: Destroying ProtocolHandler ["http-apr-8080"]
okt 12, 2014 9:23:16 EM org.apache.coyote.AbstractProtocol destroy
INFO: Destroying ProtocolHandler ["ajp-apr-8009"]
okt 12, 2014 9:23:20 EM org.apache.catalina.core.AprLifecycleListener init
INFO: Loaded APR based Apache Tomcat Native library 1.1.31 using APR version 1.4.8.
okt 12, 2014 9:23:20 EM org.apache.catalina.core.AprLifecycleListener init
INFO: APR capabilities: IPv6 [true], sendfile [true], accept filters [false], random [true].
okt 12, 2014 9:23:21 EM org.apache.catalina.core.AprLifecycleListener initializeSSL
INFO: OpenSSL successfully initialized (OpenSSL 1.0.1h 5 Jun 2014)
okt 12, 2014 9:23:22 EM org.apache.coyote.AbstractProtocol init
INFO: Initializing ProtocolHandler ["http-apr-8080"]
okt 12, 2014 9:23:22 EM org.apache.coyote.AbstractProtocol init
INFO: Initializing ProtocolHandler ["ajp-apr-8009"]
okt 12, 2014 9:23:23 EM org.apache.catalina.startup.Catalina load
INFO: Initialization processed in 4303 ms
okt 12, 2014 9:23:23 EM org.apache.catalina.core.StandardService startInternal
INFO: Starting service Catalina
okt 12, 2014 9:23:23 EM org.apache.catalina.core.StandardEngine startInternal
INFO: Starting Servlet Engine: Apache Tomcat/7.0.56
okt 12, 2014 9:23:23 EM org.apache.catalina.startup.HostConfig deployDirectory
INFO: Deploying web application directory C:\java\apache-tomcat-7.0.56\webapps\docs
okt 12, 2014 9:23:25 EM org.apache.catalina.util.SessionIdGenerator createSecureRandom
INFO: Creation of SecureRandom instance for session ID generation using [SHA1PRNG] took [585] milliseconds.
okt 12, 2014 9:23:25 EM org.apache.catalina.startup.HostConfig deployDirectory
INFO: Deployment of web application directory C:\java\apache-tomcat-7.0.56\webapps\docs has finished in 2,320 ms
okt 12, 2014 9:23:25 EM org.apache.catalina.startup.HostConfig deployDirectory
INFO: Deploying web application directory C:\java\apache-tomcat-7.0.56\webapps\examples
okt 12, 2014 9:23:29 EM org.apache.catalina.startup.HostConfig deployDirectory
INFO: Deployment of web application directory C:\java\apache-tomcat-7.0.56\webapps\examples has finished in 3,778 ms
okt 12, 2014 9:23:29 EM org.apache.catalina.startup.HostConfig deployDirectory
INFO: Deploying web application directory C:\java\apache-tomcat-7.0.56\webapps\host-manager
okt 12, 2014 9:23:30 EM org.apache.catalina.startup.HostConfig deployDirectory
INFO: Deployment of web application directory C:\java\apache-tomcat-7.0.56\webapps\host-manager has finished in 777 ms
okt 12, 2014 9:23:30 EM org.apache.catalina.startup.HostConfig deployDirectory
INFO: Deploying web application directory C:\java\apache-tomcat-7.0.56\webapps\manager
okt 12, 2014 9:23:30 EM org.apache.catalina.startup.HostConfig deployDirectory
INFO: Deployment of web application directory C:\java\apache-tomcat-7.0.56\webapps\manager has finished in 253 ms
okt 12, 2014 9:23:30 EM org.apache.catalina.startup.HostConfig deployDirectory
INFO: Deploying web application directory C:\java\apache-tomcat-7.0.56\webapps\ROOT
okt 12, 2014 9:23:30 EM org.apache.catalina.startup.HostConfig deployDirectory
INFO: Deployment of web application directory C:\java\apache-tomcat-7.0.56\webapps\ROOT has finished in 168 ms
okt 12, 2014 9:23:30 EM org.apache.coyote.AbstractProtocol start
INFO: Starting ProtocolHandler ["http-apr-8080"]
okt 12, 2014 9:23:30 EM org.apache.coyote.AbstractProtocol start
INFO: Starting ProtocolHandler ["ajp-apr-8009"]
okt 12, 2014 9:23:30 EM org.apache.catalina.startup.Catalina start
INFO: Server startup in 7613 ms
okt 12, 2014 9:23:47 EM org.apache.catalina.startup.HostConfig deployDescriptor
INFO: Deploying configuration descriptor C:\java\apache-tomcat-7.0.56\conf\Catalina\jhas\manager.xml
okt 12, 2014 9:23:48 EM org.apache.catalina.startup.HostConfig deployDescriptor
INFO: Deployment of configuration descriptor C:\java\apache-tomcat-7.0.56\conf\Catalina\jhas\manager.xml has finished in 650 ms
okt 12, 2014 9:24:06 EM org.apache.catalina.util.LifecycleBase destroy
INFO: The destroy() method was called on component [StandardEngine[Catalina].StandardHost[jhas]] after destroy() had already been called. The second call will be ignored.
okt 12, 2014 9:24:22 EM org.apache.catalina.startup.HostConfig deployDescriptor
INFO: Deploying configuration descriptor C:\java\apache-tomcat-7.0.56\conf\Catalina\hedeskoterklubb.se\manager.xml
okt 12, 2014 9:24:23 EM org.apache.catalina.startup.HostConfig deployDescriptor
INFO: Deployment of configuration descriptor C:\java\apache-tomcat-7.0.56\conf\Catalina\hedeskoterklubb.se\manager.xml has finished in 730 ms
okt 12, 2014 9:25:37 EM org.apache.catalina.util.LifecycleBase destroy
INFO: The destroy() method was called on component [StandardEngine[Catalina].StandardHost[hedeskoterklubb.se]] after destroy() had already been called. The second call will be ignored.
okt 12, 2014 9:31:00 EM org.apache.catalina.core.AprLifecycleListener init
INFO: Loaded APR based Apache Tomcat Native library 1.1.31 using APR version 1.4.8.
okt 12, 2014 9:31:00 EM org.apache.catalina.core.AprLifecycleListener init
INFO: APR capabilities: IPv6 [true], sendfile [true], accept filters [false], random [true].
okt 12, 2014 9:31:01 EM org.apache.catalina.core.AprLifecycleListener initializeSSL
INFO: OpenSSL successfully initialized (OpenSSL 1.0.1h 5 Jun 2014)
okt 12, 2014 9:31:02 EM org.apache.coyote.AbstractProtocol init
INFO: Initializing ProtocolHandler ["http-apr-8080"]
okt 12, 2014 9:31:02 EM org.apache.coyote.AbstractProtocol init
INFO: Initializing ProtocolHandler ["ajp-apr-8009"]
okt 12, 2014 9:31:02 EM org.apache.catalina.startup.Catalina load
INFO: Initialization processed in 4005 ms
okt 12, 2014 9:31:13 EM org.apache.catalina.startup.Catalina stopServer
ALLVARLIG: Could not contact localhost:8005. Tomcat may not be running.
okt 12, 2014 9:31:13 EM org.apache.catalina.startup.Catalina stopServer
ALLVARLIG: Catalina.stop: 
java.net.ConnectException: Connection refused: connect
	at java.net.DualStackPlainSocketImpl.connect0(Native Method)
	at java.net.DualStackPlainSocketImpl.socketConnect(DualStackPlainSocketImpl.java:79)
	at java.net.AbstractPlainSocketImpl.doConnect(AbstractPlainSocketImpl.java:345)
	at java.net.AbstractPlainSocketImpl.connectToAddress(AbstractPlainSocketImpl.java:206)
	at java.net.AbstractPlainSocketImpl.connect(AbstractPlainSocketImpl.java:188)
	at java.net.PlainSocketImpl.connect(PlainSocketImpl.java:172)
	at java.net.SocksSocketImpl.connect(SocksSocketImpl.java:392)
	at java.net.Socket.connect(Socket.java:589)
	at java.net.Socket.connect(Socket.java:538)
	at java.net.Socket.<init>(Socket.java:434)
	at java.net.Socket.<init>(Socket.java:211)
	at org.apache.catalina.startup.Catalina.stopServer(Catalina.java:498)
	at sun.reflect.NativeMethodAccessorImpl.invoke0(Native Method)
	at sun.reflect.NativeMethodAccessorImpl.invoke(NativeMethodAccessorImpl.java:62)
	at sun.reflect.DelegatingMethodAccessorImpl.invoke(DelegatingMethodAccessorImpl.java:43)
	at java.lang.reflect.Method.invoke(Method.java:483)
	at org.apache.catalina.startup.Bootstrap.stopServer(Bootstrap.java:370)
	at org.apache.catalina.startup.Bootstrap.main(Bootstrap.java:457)

okt 12, 2014 9:31:17 EM org.apache.catalina.startup.Catalina stopServer
ALLVARLIG: Could not contact localhost:8005. Tomcat may not be running.
okt 12, 2014 9:31:17 EM org.apache.catalina.startup.Catalina stopServer
ALLVARLIG: Catalina.stop: 
java.net.ConnectException: Connection refused: connect
	at java.net.DualStackPlainSocketImpl.connect0(Native Method)
	at java.net.DualStackPlainSocketImpl.socketConnect(DualStackPlainSocketImpl.java:79)
	at java.net.AbstractPlainSocketImpl.doConnect(AbstractPlainSocketImpl.java:345)
	at java.net.AbstractPlainSocketImpl.connectToAddress(AbstractPlainSocketImpl.java:206)
	at java.net.AbstractPlainSocketImpl.connect(AbstractPlainSocketImpl.java:188)
	at java.net.PlainSocketImpl.connect(PlainSocketImpl.java:172)
	at java.net.SocksSocketImpl.connect(SocksSocketImpl.java:392)
	at java.net.Socket.connect(Socket.java:589)
	at java.net.Socket.connect(Socket.java:538)
	at java.net.Socket.<init>(Socket.java:434)
	at java.net.Socket.<init>(Socket.java:211)
	at org.apache.catalina.startup.Catalina.stopServer(Catalina.java:498)
	at sun.reflect.NativeMethodAccessorImpl.invoke0(Native Method)
	at sun.reflect.NativeMethodAccessorImpl.invoke(NativeMethodAccessorImpl.java:62)
	at sun.reflect.DelegatingMethodAccessorImpl.invoke(DelegatingMethodAccessorImpl.java:43)
	at java.lang.reflect.Method.invoke(Method.java:483)
	at org.apache.catalina.startup.Bootstrap.stopServer(Bootstrap.java:370)
	at org.apache.catalina.startup.Bootstrap.main(Bootstrap.java:457)

