okt 19, 2014 9:03:30 EM org.apache.catalina.core.AprLifecycleListener init
INFO: Loaded APR based Apache Tomcat Native library 1.1.31 using APR version 1.4.8.
okt 19, 2014 9:03:32 EM org.apache.catalina.core.AprLifecycleListener init
INFO: APR capabilities: IPv6 [true], sendfile [true], accept filters [false], random [true].
okt 19, 2014 9:03:34 EM org.apache.catalina.core.AprLifecycleListener initializeSSL
INFO: OpenSSL successfully initialized (OpenSSL 1.0.1h 5 Jun 2014)
okt 19, 2014 9:03:37 EM org.apache.coyote.AbstractProtocol init
INFO: Initializing ProtocolHandler ["http-apr-8080"]
okt 19, 2014 9:03:46 EM org.apache.coyote.AbstractProtocol init
INFO: Initializing ProtocolHandler ["ajp-apr-8009"]
okt 19, 2014 9:03:58 EM org.apache.catalina.startup.Catalina load
INFO: Initialization processed in 29639 ms
okt 19, 2014 9:03:58 EM org.apache.catalina.core.StandardService startInternal
INFO: Starting service Catalina
okt 19, 2014 9:03:58 EM org.apache.catalina.core.StandardEngine startInternal
INFO: Starting Servlet Engine: Apache Tomcat/7.0.56
okt 19, 2014 9:03:58 EM org.apache.catalina.startup.HostConfig deployDirectory
INFO: Deploying web application directory C:\java\apache-tomcat-7.0.56\webapps\docs
okt 19, 2014 9:04:00 EM org.apache.catalina.util.SessionIdGenerator createSecureRandom
INFO: Creation of SecureRandom instance for session ID generation using [SHA1PRNG] took [616] milliseconds.
okt 19, 2014 9:04:00 EM org.apache.catalina.startup.HostConfig deployDirectory
INFO: Deployment of web application directory C:\java\apache-tomcat-7.0.56\webapps\docs has finished in 2,548 ms
okt 19, 2014 9:04:00 EM org.apache.catalina.startup.HostConfig deployDirectory
INFO: Deploying web application directory C:\java\apache-tomcat-7.0.56\webapps\examples
okt 19, 2014 9:04:04 EM org.apache.catalina.startup.HostConfig deployDirectory
INFO: Deployment of web application directory C:\java\apache-tomcat-7.0.56\webapps\examples has finished in 3,353 ms
okt 19, 2014 9:04:04 EM org.apache.catalina.startup.HostConfig deployDirectory
INFO: Deploying web application directory C:\java\apache-tomcat-7.0.56\webapps\host-manager
okt 19, 2014 9:04:05 EM org.apache.catalina.startup.HostConfig deployDirectory
INFO: Deployment of web application directory C:\java\apache-tomcat-7.0.56\webapps\host-manager has finished in 823 ms
okt 19, 2014 9:04:05 EM org.apache.catalina.startup.HostConfig deployDirectory
INFO: Deploying web application directory C:\java\apache-tomcat-7.0.56\webapps\manager
okt 19, 2014 9:04:05 EM org.apache.catalina.startup.HostConfig deployDirectory
INFO: Deployment of web application directory C:\java\apache-tomcat-7.0.56\webapps\manager has finished in 232 ms
okt 19, 2014 9:04:05 EM org.apache.catalina.startup.HostConfig deployDirectory
INFO: Deploying web application directory C:\java\apache-tomcat-7.0.56\webapps\ROOT
okt 19, 2014 9:04:05 EM org.apache.catalina.startup.HostConfig deployDirectory
INFO: Deployment of web application directory C:\java\apache-tomcat-7.0.56\webapps\ROOT has finished in 125 ms
okt 19, 2014 9:04:05 EM org.apache.coyote.AbstractProtocol start
INFO: Starting ProtocolHandler ["http-apr-8080"]
okt 19, 2014 9:04:05 EM org.apache.coyote.AbstractProtocol start
INFO: Starting ProtocolHandler ["ajp-apr-8009"]
okt 19, 2014 9:04:05 EM org.apache.catalina.startup.Catalina start
INFO: Server startup in 7547 ms
