okt 21, 2014 8:48:21 EM org.apache.catalina.core.AprLifecycleListener init
INFO: Loaded APR based Apache Tomcat Native library 1.1.31 using APR version 1.4.8.
okt 21, 2014 8:48:21 EM org.apache.catalina.core.AprLifecycleListener init
INFO: APR capabilities: IPv6 [true], sendfile [true], accept filters [false], random [true].
okt 21, 2014 8:48:23 EM org.apache.catalina.core.AprLifecycleListener initializeSSL
INFO: OpenSSL successfully initialized (OpenSSL 1.0.1h 5 Jun 2014)
okt 21, 2014 8:48:24 EM org.apache.coyote.AbstractProtocol init
INFO: Initializing ProtocolHandler ["http-apr-8080"]
okt 21, 2014 8:48:24 EM org.apache.coyote.AbstractProtocol init
ALLVARLIG: Failed to initialize end point associated with ProtocolHandler ["http-apr-8080"]
java.lang.Exception: Socket bind failed: [730013] Ett försök gjordes att få åtkomst till en socket på ett sätt som är förbjudet av åtkomstbehörigheterna.  
	at org.apache.tomcat.util.net.AprEndpoint.bind(AprEndpoint.java:453)
	at org.apache.tomcat.util.net.AbstractEndpoint.init(AbstractEndpoint.java:646)
	at org.apache.coyote.AbstractProtocol.init(AbstractProtocol.java:434)
	at org.apache.catalina.connector.Connector.initInternal(Connector.java:978)
	at org.apache.catalina.util.LifecycleBase.init(LifecycleBase.java:102)
	at org.apache.catalina.core.StandardService.initInternal(StandardService.java:559)
	at org.apache.catalina.util.LifecycleBase.init(LifecycleBase.java:102)
	at org.apache.catalina.core.StandardServer.initInternal(StandardServer.java:821)
	at org.apache.catalina.util.LifecycleBase.init(LifecycleBase.java:102)
	at org.apache.catalina.startup.Catalina.load(Catalina.java:638)
	at org.apache.catalina.startup.Catalina.load(Catalina.java:663)
	at sun.reflect.NativeMethodAccessorImpl.invoke0(Native Method)
	at sun.reflect.NativeMethodAccessorImpl.invoke(NativeMethodAccessorImpl.java:62)
	at sun.reflect.DelegatingMethodAccessorImpl.invoke(DelegatingMethodAccessorImpl.java:43)
	at java.lang.reflect.Method.invoke(Method.java:483)
	at org.apache.catalina.startup.Bootstrap.load(Bootstrap.java:280)
	at org.apache.catalina.startup.Bootstrap.main(Bootstrap.java:454)

okt 21, 2014 8:48:24 EM org.apache.catalina.core.StandardService initInternal
ALLVARLIG: Failed to initialize connector [Connector[HTTP/1.1-8080]]
org.apache.catalina.LifecycleException: Failed to initialize component [Connector[HTTP/1.1-8080]]
	at org.apache.catalina.util.LifecycleBase.init(LifecycleBase.java:106)
	at org.apache.catalina.core.StandardService.initInternal(StandardService.java:559)
	at org.apache.catalina.util.LifecycleBase.init(LifecycleBase.java:102)
	at org.apache.catalina.core.StandardServer.initInternal(StandardServer.java:821)
	at org.apache.catalina.util.LifecycleBase.init(LifecycleBase.java:102)
	at org.apache.catalina.startup.Catalina.load(Catalina.java:638)
	at org.apache.catalina.startup.Catalina.load(Catalina.java:663)
	at sun.reflect.NativeMethodAccessorImpl.invoke0(Native Method)
	at sun.reflect.NativeMethodAccessorImpl.invoke(NativeMethodAccessorImpl.java:62)
	at sun.reflect.DelegatingMethodAccessorImpl.invoke(DelegatingMethodAccessorImpl.java:43)
	at java.lang.reflect.Method.invoke(Method.java:483)
	at org.apache.catalina.startup.Bootstrap.load(Bootstrap.java:280)
	at org.apache.catalina.startup.Bootstrap.main(Bootstrap.java:454)
Caused by: org.apache.catalina.LifecycleException: Protocol handler initialization failed
	at org.apache.catalina.connector.Connector.initInternal(Connector.java:980)
	at org.apache.catalina.util.LifecycleBase.init(LifecycleBase.java:102)
	... 12 more
Caused by: java.lang.Exception: Socket bind failed: [730013] Ett försök gjordes att få åtkomst till en socket på ett sätt som är förbjudet av åtkomstbehörigheterna.  
	at org.apache.tomcat.util.net.AprEndpoint.bind(AprEndpoint.java:453)
	at org.apache.tomcat.util.net.AbstractEndpoint.init(AbstractEndpoint.java:646)
	at org.apache.coyote.AbstractProtocol.init(AbstractProtocol.java:434)
	at org.apache.catalina.connector.Connector.initInternal(Connector.java:978)
	... 13 more

okt 21, 2014 8:48:24 EM org.apache.coyote.AbstractProtocol init
INFO: Initializing ProtocolHandler ["ajp-apr-8009"]
okt 21, 2014 8:48:24 EM org.apache.coyote.AbstractProtocol init
ALLVARLIG: Failed to initialize end point associated with ProtocolHandler ["ajp-apr-8009"]
java.lang.Exception: Socket bind failed: [730013] Ett försök gjordes att få åtkomst till en socket på ett sätt som är förbjudet av åtkomstbehörigheterna.  
	at org.apache.tomcat.util.net.AprEndpoint.bind(AprEndpoint.java:453)
	at org.apache.tomcat.util.net.AbstractEndpoint.init(AbstractEndpoint.java:646)
	at org.apache.coyote.AbstractProtocol.init(AbstractProtocol.java:434)
	at org.apache.catalina.connector.Connector.initInternal(Connector.java:978)
	at org.apache.catalina.util.LifecycleBase.init(LifecycleBase.java:102)
	at org.apache.catalina.core.StandardService.initInternal(StandardService.java:559)
	at org.apache.catalina.util.LifecycleBase.init(LifecycleBase.java:102)
	at org.apache.catalina.core.StandardServer.initInternal(StandardServer.java:821)
	at org.apache.catalina.util.LifecycleBase.init(LifecycleBase.java:102)
	at org.apache.catalina.startup.Catalina.load(Catalina.java:638)
	at org.apache.catalina.startup.Catalina.load(Catalina.java:663)
	at sun.reflect.NativeMethodAccessorImpl.invoke0(Native Method)
	at sun.reflect.NativeMethodAccessorImpl.invoke(NativeMethodAccessorImpl.java:62)
	at sun.reflect.DelegatingMethodAccessorImpl.invoke(DelegatingMethodAccessorImpl.java:43)
	at java.lang.reflect.Method.invoke(Method.java:483)
	at org.apache.catalina.startup.Bootstrap.load(Bootstrap.java:280)
	at org.apache.catalina.startup.Bootstrap.main(Bootstrap.java:454)

okt 21, 2014 8:48:24 EM org.apache.catalina.core.StandardService initInternal
ALLVARLIG: Failed to initialize connector [Connector[AJP/1.3-8009]]
org.apache.catalina.LifecycleException: Failed to initialize component [Connector[AJP/1.3-8009]]
	at org.apache.catalina.util.LifecycleBase.init(LifecycleBase.java:106)
	at org.apache.catalina.core.StandardService.initInternal(StandardService.java:559)
	at org.apache.catalina.util.LifecycleBase.init(LifecycleBase.java:102)
	at org.apache.catalina.core.StandardServer.initInternal(StandardServer.java:821)
	at org.apache.catalina.util.LifecycleBase.init(LifecycleBase.java:102)
	at org.apache.catalina.startup.Catalina.load(Catalina.java:638)
	at org.apache.catalina.startup.Catalina.load(Catalina.java:663)
	at sun.reflect.NativeMethodAccessorImpl.invoke0(Native Method)
	at sun.reflect.NativeMethodAccessorImpl.invoke(NativeMethodAccessorImpl.java:62)
	at sun.reflect.DelegatingMethodAccessorImpl.invoke(DelegatingMethodAccessorImpl.java:43)
	at java.lang.reflect.Method.invoke(Method.java:483)
	at org.apache.catalina.startup.Bootstrap.load(Bootstrap.java:280)
	at org.apache.catalina.startup.Bootstrap.main(Bootstrap.java:454)
Caused by: org.apache.catalina.LifecycleException: Protocol handler initialization failed
	at org.apache.catalina.connector.Connector.initInternal(Connector.java:980)
	at org.apache.catalina.util.LifecycleBase.init(LifecycleBase.java:102)
	... 12 more
Caused by: java.lang.Exception: Socket bind failed: [730013] Ett försök gjordes att få åtkomst till en socket på ett sätt som är förbjudet av åtkomstbehörigheterna.  
	at org.apache.tomcat.util.net.AprEndpoint.bind(AprEndpoint.java:453)
	at org.apache.tomcat.util.net.AbstractEndpoint.init(AbstractEndpoint.java:646)
	at org.apache.coyote.AbstractProtocol.init(AbstractProtocol.java:434)
	at org.apache.catalina.connector.Connector.initInternal(Connector.java:978)
	... 13 more

okt 21, 2014 8:48:24 EM org.apache.catalina.startup.Catalina load
INFO: Initialization processed in 4787 ms
okt 21, 2014 8:48:24 EM org.apache.catalina.core.StandardService startInternal
INFO: Starting service Catalina
okt 21, 2014 8:48:24 EM org.apache.catalina.core.StandardEngine startInternal
INFO: Starting Servlet Engine: Apache Tomcat/7.0.56
okt 21, 2014 8:48:24 EM org.apache.catalina.startup.HostConfig deployDirectory
INFO: Deploying web application directory C:\java\apache-tomcat-7.0.56\webapps\docs
okt 21, 2014 8:48:26 EM org.apache.catalina.util.SessionIdGenerator createSecureRandom
INFO: Creation of SecureRandom instance for session ID generation using [SHA1PRNG] took [790] milliseconds.
okt 21, 2014 8:48:27 EM org.apache.catalina.startup.HostConfig deployDirectory
INFO: Deployment of web application directory C:\java\apache-tomcat-7.0.56\webapps\docs has finished in 2,395 ms
okt 21, 2014 8:48:27 EM org.apache.catalina.startup.HostConfig deployDirectory
INFO: Deploying web application directory C:\java\apache-tomcat-7.0.56\webapps\examples
okt 21, 2014 8:48:29 EM org.apache.catalina.startup.HostConfig deployDirectory
INFO: Deployment of web application directory C:\java\apache-tomcat-7.0.56\webapps\examples has finished in 2,253 ms
okt 21, 2014 8:48:29 EM org.apache.catalina.startup.HostConfig deployDirectory
INFO: Deploying web application directory C:\java\apache-tomcat-7.0.56\webapps\GoJbchatt
okt 21, 2014 8:48:29 EM org.apache.catalina.startup.TldConfig tldScanWebXml
VARNING: Failed to process TLD with path [/WEB-INF/jsp2/jsp2-example-taglib.tld] and URI [http://tomcat.apache.org/jsp2-example-taglib]. The specified path does not exist.
okt 21, 2014 8:48:29 EM org.apache.catalina.startup.TldConfig tldScanWebXml
VARNING: Failed to process TLD with path [/WEB-INF/jsp/example-taglib.tld] and URI [http://tomcat.apache.org/example-taglib]. The specified path does not exist.
okt 21, 2014 8:48:29 EM org.apache.catalina.startup.TldConfig tldScanWebXml
VARNING: Failed to process TLD with path [/WEB-INF/jsp/debug-taglib.tld] and URI [http://tomcat.apache.org/debug-taglib]. The specified path does not exist.
okt 21, 2014 8:48:29 EM org.apache.catalina.core.StandardContext startInternal
ALLVARLIG: Error listenerStart
okt 21, 2014 8:48:29 EM org.apache.catalina.core.StandardContext startInternal
ALLVARLIG: Context [/GoJbchatt] startup failed due to previous errors
okt 21, 2014 8:48:29 EM org.apache.catalina.startup.HostConfig deployDirectory
INFO: Deployment of web application directory C:\java\apache-tomcat-7.0.56\webapps\GoJbchatt has finished in 717 ms
okt 21, 2014 8:48:30 EM org.apache.catalina.startup.HostConfig deployDirectory
INFO: Deploying web application directory C:\java\apache-tomcat-7.0.56\webapps\host-manager
okt 21, 2014 8:48:30 EM org.apache.catalina.startup.HostConfig deployDirectory
INFO: Deployment of web application directory C:\java\apache-tomcat-7.0.56\webapps\host-manager has finished in 542 ms
okt 21, 2014 8:48:30 EM org.apache.catalina.startup.HostConfig deployDirectory
INFO: Deploying web application directory C:\java\apache-tomcat-7.0.56\webapps\manager
okt 21, 2014 8:48:30 EM org.apache.catalina.startup.HostConfig deployDirectory
INFO: Deployment of web application directory C:\java\apache-tomcat-7.0.56\webapps\manager has finished in 175 ms
okt 21, 2014 8:48:30 EM org.apache.catalina.startup.HostConfig deployDirectory
INFO: Deploying web application directory C:\java\apache-tomcat-7.0.56\webapps\ROOT
okt 21, 2014 8:48:30 EM org.apache.catalina.startup.HostConfig deployDirectory
INFO: Deployment of web application directory C:\java\apache-tomcat-7.0.56\webapps\ROOT has finished in 170 ms
okt 21, 2014 8:48:30 EM org.apache.catalina.startup.Catalina start
INFO: Server startup in 6557 ms
okt 21, 2014 8:48:30 EM org.apache.catalina.core.StandardServer await
ALLVARLIG: StandardServer.await: create[localhost:8005]: 
java.net.BindException: Address already in use: JVM_Bind
	at java.net.DualStackPlainSocketImpl.bind0(Native Method)
	at java.net.DualStackPlainSocketImpl.socketBind(DualStackPlainSocketImpl.java:106)
	at java.net.AbstractPlainSocketImpl.bind(AbstractPlainSocketImpl.java:382)
	at java.net.PlainSocketImpl.bind(PlainSocketImpl.java:190)
	at java.net.ServerSocket.bind(ServerSocket.java:375)
	at java.net.ServerSocket.<init>(ServerSocket.java:237)
	at org.apache.catalina.core.StandardServer.await(StandardServer.java:427)
	at org.apache.catalina.startup.Catalina.await(Catalina.java:777)
	at org.apache.catalina.startup.Catalina.start(Catalina.java:723)
	at sun.reflect.NativeMethodAccessorImpl.invoke0(Native Method)
	at sun.reflect.NativeMethodAccessorImpl.invoke(NativeMethodAccessorImpl.java:62)
	at sun.reflect.DelegatingMethodAccessorImpl.invoke(DelegatingMethodAccessorImpl.java:43)
	at java.lang.reflect.Method.invoke(Method.java:483)
	at org.apache.catalina.startup.Bootstrap.start(Bootstrap.java:321)
	at org.apache.catalina.startup.Bootstrap.main(Bootstrap.java:455)

okt 21, 2014 8:48:30 EM org.apache.coyote.AbstractProtocol pause
INFO: Pausing ProtocolHandler ["http-apr-8080"]
okt 21, 2014 8:48:30 EM org.apache.coyote.AbstractProtocol pause
INFO: Pausing ProtocolHandler ["ajp-apr-8009"]
okt 21, 2014 8:48:30 EM org.apache.catalina.core.StandardService stopInternal
INFO: Stopping service Catalina
okt 21, 2014 8:48:31 EM org.apache.coyote.AbstractProtocol stop
INFO: Stopping ProtocolHandler ["http-apr-8080"]
okt 21, 2014 8:48:31 EM org.apache.coyote.AbstractProtocol destroy
INFO: Destroying ProtocolHandler ["http-apr-8080"]
okt 21, 2014 8:48:31 EM org.apache.coyote.AbstractProtocol stop
INFO: Stopping ProtocolHandler ["ajp-apr-8009"]
okt 21, 2014 8:48:31 EM org.apache.coyote.AbstractProtocol destroy
INFO: Destroying ProtocolHandler ["ajp-apr-8009"]
okt 21, 2014 8:49:18 EM org.apache.catalina.core.AprLifecycleListener init
INFO: Loaded APR based Apache Tomcat Native library 1.1.31 using APR version 1.4.8.
okt 21, 2014 8:49:18 EM org.apache.catalina.core.AprLifecycleListener init
INFO: APR capabilities: IPv6 [true], sendfile [true], accept filters [false], random [true].
okt 21, 2014 8:49:20 EM org.apache.catalina.core.AprLifecycleListener initializeSSL
INFO: OpenSSL successfully initialized (OpenSSL 1.0.1h 5 Jun 2014)
okt 21, 2014 8:49:23 EM org.apache.coyote.AbstractProtocol init
INFO: Initializing ProtocolHandler ["http-apr-8080"]
okt 21, 2014 8:49:23 EM org.apache.coyote.AbstractProtocol init
INFO: Initializing ProtocolHandler ["ajp-apr-8009"]
okt 21, 2014 8:49:23 EM org.apache.catalina.startup.Catalina load
INFO: Initialization processed in 6496 ms
okt 21, 2014 8:49:23 EM org.apache.catalina.core.StandardService startInternal
INFO: Starting service Catalina
okt 21, 2014 8:49:23 EM org.apache.catalina.core.StandardEngine startInternal
INFO: Starting Servlet Engine: Apache Tomcat/7.0.56
okt 21, 2014 8:49:24 EM org.apache.catalina.startup.HostConfig deployDirectory
INFO: Deploying web application directory C:\java\apache-tomcat-7.0.56\webapps\docs
okt 21, 2014 8:49:27 EM org.apache.catalina.util.SessionIdGenerator createSecureRandom
INFO: Creation of SecureRandom instance for session ID generation using [SHA1PRNG] took [430] milliseconds.
okt 21, 2014 8:49:27 EM org.apache.catalina.startup.HostConfig deployDirectory
INFO: Deployment of web application directory C:\java\apache-tomcat-7.0.56\webapps\docs has finished in 3,082 ms
okt 21, 2014 8:49:27 EM org.apache.catalina.startup.HostConfig deployDirectory
INFO: Deploying web application directory C:\java\apache-tomcat-7.0.56\webapps\examples
okt 21, 2014 8:49:30 EM org.apache.catalina.startup.HostConfig deployDirectory
INFO: Deployment of web application directory C:\java\apache-tomcat-7.0.56\webapps\examples has finished in 2,877 ms
okt 21, 2014 8:49:30 EM org.apache.catalina.startup.HostConfig deployDirectory
INFO: Deploying web application directory C:\java\apache-tomcat-7.0.56\webapps\GoJbchatt
okt 21, 2014 8:49:30 EM org.apache.catalina.startup.TldConfig tldScanWebXml
VARNING: Failed to process TLD with path [/WEB-INF/jsp2/jsp2-example-taglib.tld] and URI [http://tomcat.apache.org/jsp2-example-taglib]. The specified path does not exist.
okt 21, 2014 8:49:30 EM org.apache.catalina.startup.TldConfig tldScanWebXml
VARNING: Failed to process TLD with path [/WEB-INF/jsp/example-taglib.tld] and URI [http://tomcat.apache.org/example-taglib]. The specified path does not exist.
okt 21, 2014 8:49:30 EM org.apache.catalina.startup.TldConfig tldScanWebXml
VARNING: Failed to process TLD with path [/WEB-INF/jsp/debug-taglib.tld] and URI [http://tomcat.apache.org/debug-taglib]. The specified path does not exist.
okt 21, 2014 8:49:30 EM org.apache.catalina.core.StandardContext startInternal
ALLVARLIG: Error listenerStart
okt 21, 2014 8:49:30 EM org.apache.catalina.core.StandardContext startInternal
ALLVARLIG: Context [/GoJbchatt] startup failed due to previous errors
okt 21, 2014 8:49:30 EM org.apache.catalina.startup.HostConfig deployDirectory
INFO: Deployment of web application directory C:\java\apache-tomcat-7.0.56\webapps\GoJbchatt has finished in 473 ms
okt 21, 2014 8:49:30 EM org.apache.catalina.startup.HostConfig deployDirectory
INFO: Deploying web application directory C:\java\apache-tomcat-7.0.56\webapps\host-manager
okt 21, 2014 8:49:30 EM org.apache.catalina.startup.HostConfig deployDirectory
INFO: Deployment of web application directory C:\java\apache-tomcat-7.0.56\webapps\host-manager has finished in 469 ms
okt 21, 2014 8:49:30 EM org.apache.catalina.startup.HostConfig deployDirectory
INFO: Deploying web application directory C:\java\apache-tomcat-7.0.56\webapps\manager
okt 21, 2014 8:49:31 EM org.apache.catalina.startup.HostConfig deployDirectory
INFO: Deployment of web application directory C:\java\apache-tomcat-7.0.56\webapps\manager has finished in 270 ms
okt 21, 2014 8:49:31 EM org.apache.catalina.startup.HostConfig deployDirectory
INFO: Deploying web application directory C:\java\apache-tomcat-7.0.56\webapps\ROOT
okt 21, 2014 8:49:31 EM org.apache.catalina.startup.HostConfig deployDirectory
INFO: Deployment of web application directory C:\java\apache-tomcat-7.0.56\webapps\ROOT has finished in 91 ms
okt 21, 2014 8:49:31 EM org.apache.coyote.AbstractProtocol start
INFO: Starting ProtocolHandler ["http-apr-8080"]
okt 21, 2014 8:49:31 EM org.apache.coyote.AbstractProtocol start
INFO: Starting ProtocolHandler ["ajp-apr-8009"]
okt 21, 2014 8:49:31 EM org.apache.catalina.startup.Catalina start
INFO: Server startup in 7517 ms
okt 21, 2014 8:55:39 EM org.apache.catalina.core.StandardServer await
INFO: A valid shutdown command was received via the shutdown port. Stopping the Server instance.
okt 21, 2014 8:55:39 EM org.apache.coyote.AbstractProtocol pause
INFO: Pausing ProtocolHandler ["http-apr-8080"]
okt 21, 2014 8:55:39 EM org.apache.coyote.AbstractProtocol pause
INFO: Pausing ProtocolHandler ["ajp-apr-8009"]
okt 21, 2014 8:55:39 EM org.apache.catalina.core.StandardService stopInternal
INFO: Stopping service Catalina
okt 21, 2014 8:55:39 EM org.apache.coyote.AbstractProtocol stop
INFO: Stopping ProtocolHandler ["http-apr-8080"]
okt 21, 2014 8:55:39 EM org.apache.coyote.AbstractProtocol stop
INFO: Stopping ProtocolHandler ["ajp-apr-8009"]
okt 21, 2014 8:55:39 EM org.apache.coyote.AbstractProtocol destroy
INFO: Destroying ProtocolHandler ["http-apr-8080"]
okt 21, 2014 8:55:39 EM org.apache.coyote.AbstractProtocol destroy
INFO: Destroying ProtocolHandler ["ajp-apr-8009"]
