okt 12, 2014 9:23:31 EM org.apache.catalina.core.ApplicationContext log
INFO: HTMLHostManager: list: Listing hosts for engine [Catalina]
okt 12, 2014 9:23:35 EM org.apache.catalina.core.ApplicationContext log
INFO: HTMLHostManager: list: Listing hosts for engine [Catalina]
okt 12, 2014 9:23:47 EM org.apache.catalina.core.ApplicationContext log
INFO: HTMLHostManager: add: Adding host [jhas]
okt 12, 2014 9:23:48 EM org.apache.catalina.core.ApplicationContext log
INFO: HTMLHostManager: list: Listing hosts for engine [Catalina]
okt 12, 2014 9:24:06 EM org.apache.catalina.core.ApplicationContext log
INFO: HTMLHostManager: remove: Removing host [jhas]
okt 12, 2014 9:24:06 EM org.apache.catalina.core.ApplicationContext log
INFO: HTMLHostManager: list: Listing hosts for engine [Catalina]
okt 12, 2014 9:24:22 EM org.apache.catalina.core.ApplicationContext log
INFO: HTMLHostManager: add: Adding host [hedeskoterklubb.se]
okt 12, 2014 9:24:23 EM org.apache.catalina.core.ApplicationContext log
INFO: HTMLHostManager: list: Listing hosts for engine [Catalina]
okt 12, 2014 9:25:04 EM org.apache.catalina.core.ApplicationContext log
INFO: HTMLHostManager: list: Listing hosts for engine [Catalina]
okt 12, 2014 9:25:13 EM org.apache.catalina.core.ApplicationContext log
INFO: HTMLHostManager: stop: Stopping host with name [hedeskoterklubb.se]
okt 12, 2014 9:25:13 EM org.apache.catalina.core.ApplicationContext log
INFO: HTMLHostManager: list: Listing hosts for engine [Catalina]
okt 12, 2014 9:25:29 EM org.apache.catalina.core.ApplicationContext log
INFO: HTMLHostManager: list: Listing hosts for engine [Catalina]
okt 12, 2014 9:25:33 EM org.apache.catalina.core.ApplicationContext log
INFO: HTMLHostManager: list: Listing hosts for engine [Catalina]
okt 12, 2014 9:25:37 EM org.apache.catalina.core.ApplicationContext log
INFO: HTMLHostManager: remove: Removing host [hedeskoterklubb.se]
okt 12, 2014 9:25:37 EM org.apache.catalina.core.ApplicationContext log
INFO: HTMLHostManager: list: Listing hosts for engine [Catalina]
