okt 21, 2014 8:48:29 EM org.apache.catalina.core.ApplicationContext log
INFO: ContextListener: contextInitialized()
okt 21, 2014 8:48:29 EM org.apache.catalina.core.ApplicationContext log
INFO: SessionListener: contextInitialized()
okt 21, 2014 8:48:29 EM org.apache.catalina.core.ApplicationContext log
INFO: ContextListener: attributeAdded('org.apache.jasper.compiler.TldLocationsCache', 'org.apache.jasper.compiler.TldLocationsCache@2d36e41a')
okt 21, 2014 8:48:29 EM org.apache.catalina.core.StandardContext listenerStart
ALLVARLIG: Error configuring application listener of class listeners.ContextListener
java.lang.ClassNotFoundException: listeners.ContextListener
	at org.apache.catalina.loader.WebappClassLoader.loadClass(WebappClassLoader.java:1720)
	at org.apache.catalina.loader.WebappClassLoader.loadClass(WebappClassLoader.java:1571)
	at org.apache.catalina.core.DefaultInstanceManager.loadClass(DefaultInstanceManager.java:506)
	at org.apache.catalina.core.DefaultInstanceManager.loadClassMaybePrivileged(DefaultInstanceManager.java:488)
	at org.apache.catalina.core.DefaultInstanceManager.newInstance(DefaultInstanceManager.java:115)
	at org.apache.catalina.core.StandardContext.listenerStart(StandardContext.java:4909)
	at org.apache.catalina.core.StandardContext.startInternal(StandardContext.java:5492)
	at org.apache.catalina.util.LifecycleBase.start(LifecycleBase.java:150)
	at org.apache.catalina.core.ContainerBase.addChildInternal(ContainerBase.java:901)
	at org.apache.catalina.core.ContainerBase.addChild(ContainerBase.java:877)
	at org.apache.catalina.core.StandardHost.addChild(StandardHost.java:649)
	at org.apache.catalina.startup.HostConfig.deployDirectory(HostConfig.java:1247)
	at org.apache.catalina.startup.HostConfig$DeployDirectory.run(HostConfig.java:1897)
	at java.util.concurrent.Executors$RunnableAdapter.call(Executors.java:511)
	at java.util.concurrent.FutureTask.run(FutureTask.java:266)
	at java.util.concurrent.ThreadPoolExecutor.runWorker(ThreadPoolExecutor.java:1142)
	at java.util.concurrent.ThreadPoolExecutor$Worker.run(ThreadPoolExecutor.java:617)
	at java.lang.Thread.run(Thread.java:745)

okt 21, 2014 8:48:29 EM org.apache.catalina.core.StandardContext listenerStart
ALLVARLIG: Error configuring application listener of class listeners.SessionListener
java.lang.ClassNotFoundException: listeners.SessionListener
	at org.apache.catalina.loader.WebappClassLoader.loadClass(WebappClassLoader.java:1720)
	at org.apache.catalina.loader.WebappClassLoader.loadClass(WebappClassLoader.java:1571)
	at org.apache.catalina.core.DefaultInstanceManager.loadClass(DefaultInstanceManager.java:506)
	at org.apache.catalina.core.DefaultInstanceManager.loadClassMaybePrivileged(DefaultInstanceManager.java:488)
	at org.apache.catalina.core.DefaultInstanceManager.newInstance(DefaultInstanceManager.java:115)
	at org.apache.catalina.core.StandardContext.listenerStart(StandardContext.java:4909)
	at org.apache.catalina.core.StandardContext.startInternal(StandardContext.java:5492)
	at org.apache.catalina.util.LifecycleBase.start(LifecycleBase.java:150)
	at org.apache.catalina.core.ContainerBase.addChildInternal(ContainerBase.java:901)
	at org.apache.catalina.core.ContainerBase.addChild(ContainerBase.java:877)
	at org.apache.catalina.core.StandardHost.addChild(StandardHost.java:649)
	at org.apache.catalina.startup.HostConfig.deployDirectory(HostConfig.java:1247)
	at org.apache.catalina.startup.HostConfig$DeployDirectory.run(HostConfig.java:1897)
	at java.util.concurrent.Executors$RunnableAdapter.call(Executors.java:511)
	at java.util.concurrent.FutureTask.run(FutureTask.java:266)
	at java.util.concurrent.ThreadPoolExecutor.runWorker(ThreadPoolExecutor.java:1142)
	at java.util.concurrent.ThreadPoolExecutor$Worker.run(ThreadPoolExecutor.java:617)
	at java.lang.Thread.run(Thread.java:745)

okt 21, 2014 8:48:29 EM org.apache.catalina.core.StandardContext listenerStart
ALLVARLIG: Error configuring application listener of class websocket.drawboard.DrawboardContextListener
java.lang.ClassNotFoundException: websocket.drawboard.DrawboardContextListener
	at org.apache.catalina.loader.WebappClassLoader.loadClass(WebappClassLoader.java:1720)
	at org.apache.catalina.loader.WebappClassLoader.loadClass(WebappClassLoader.java:1571)
	at org.apache.catalina.core.DefaultInstanceManager.loadClass(DefaultInstanceManager.java:506)
	at org.apache.catalina.core.DefaultInstanceManager.loadClassMaybePrivileged(DefaultInstanceManager.java:488)
	at org.apache.catalina.core.DefaultInstanceManager.newInstance(DefaultInstanceManager.java:115)
	at org.apache.catalina.core.StandardContext.listenerStart(StandardContext.java:4909)
	at org.apache.catalina.core.StandardContext.startInternal(StandardContext.java:5492)
	at org.apache.catalina.util.LifecycleBase.start(LifecycleBase.java:150)
	at org.apache.catalina.core.ContainerBase.addChildInternal(ContainerBase.java:901)
	at org.apache.catalina.core.ContainerBase.addChild(ContainerBase.java:877)
	at org.apache.catalina.core.StandardHost.addChild(StandardHost.java:649)
	at org.apache.catalina.startup.HostConfig.deployDirectory(HostConfig.java:1247)
	at org.apache.catalina.startup.HostConfig$DeployDirectory.run(HostConfig.java:1897)
	at java.util.concurrent.Executors$RunnableAdapter.call(Executors.java:511)
	at java.util.concurrent.FutureTask.run(FutureTask.java:266)
	at java.util.concurrent.ThreadPoolExecutor.runWorker(ThreadPoolExecutor.java:1142)
	at java.util.concurrent.ThreadPoolExecutor$Worker.run(ThreadPoolExecutor.java:617)
	at java.lang.Thread.run(Thread.java:745)

okt 21, 2014 8:48:29 EM org.apache.catalina.core.StandardContext listenerStart
ALLVARLIG: Skipped installing application listeners due to previous error(s)
okt 21, 2014 8:48:31 EM org.apache.catalina.core.ApplicationContext log
INFO: SessionListener: contextDestroyed()
okt 21, 2014 8:48:31 EM org.apache.catalina.core.ApplicationContext log
INFO: ContextListener: contextDestroyed()
okt 21, 2014 8:49:29 EM org.apache.catalina.core.ApplicationContext log
INFO: ContextListener: contextInitialized()
okt 21, 2014 8:49:29 EM org.apache.catalina.core.ApplicationContext log
INFO: SessionListener: contextInitialized()
okt 21, 2014 8:49:29 EM org.apache.catalina.core.ApplicationContext log
INFO: ContextListener: attributeAdded('org.apache.jasper.compiler.TldLocationsCache', 'org.apache.jasper.compiler.TldLocationsCache@6e366bf4')
okt 21, 2014 8:49:30 EM org.apache.catalina.core.StandardContext listenerStart
ALLVARLIG: Error configuring application listener of class listeners.ContextListener
java.lang.ClassNotFoundException: listeners.ContextListener
	at org.apache.catalina.loader.WebappClassLoader.loadClass(WebappClassLoader.java:1720)
	at org.apache.catalina.loader.WebappClassLoader.loadClass(WebappClassLoader.java:1571)
	at org.apache.catalina.core.DefaultInstanceManager.loadClass(DefaultInstanceManager.java:506)
	at org.apache.catalina.core.DefaultInstanceManager.loadClassMaybePrivileged(DefaultInstanceManager.java:488)
	at org.apache.catalina.core.DefaultInstanceManager.newInstance(DefaultInstanceManager.java:115)
	at org.apache.catalina.core.StandardContext.listenerStart(StandardContext.java:4909)
	at org.apache.catalina.core.StandardContext.startInternal(StandardContext.java:5492)
	at org.apache.catalina.util.LifecycleBase.start(LifecycleBase.java:150)
	at org.apache.catalina.core.ContainerBase.addChildInternal(ContainerBase.java:901)
	at org.apache.catalina.core.ContainerBase.addChild(ContainerBase.java:877)
	at org.apache.catalina.core.StandardHost.addChild(StandardHost.java:649)
	at org.apache.catalina.startup.HostConfig.deployDirectory(HostConfig.java:1247)
	at org.apache.catalina.startup.HostConfig$DeployDirectory.run(HostConfig.java:1897)
	at java.util.concurrent.Executors$RunnableAdapter.call(Executors.java:511)
	at java.util.concurrent.FutureTask.run(FutureTask.java:266)
	at java.util.concurrent.ThreadPoolExecutor.runWorker(ThreadPoolExecutor.java:1142)
	at java.util.concurrent.ThreadPoolExecutor$Worker.run(ThreadPoolExecutor.java:617)
	at java.lang.Thread.run(Thread.java:745)

okt 21, 2014 8:49:30 EM org.apache.catalina.core.StandardContext listenerStart
ALLVARLIG: Error configuring application listener of class listeners.SessionListener
java.lang.ClassNotFoundException: listeners.SessionListener
	at org.apache.catalina.loader.WebappClassLoader.loadClass(WebappClassLoader.java:1720)
	at org.apache.catalina.loader.WebappClassLoader.loadClass(WebappClassLoader.java:1571)
	at org.apache.catalina.core.DefaultInstanceManager.loadClass(DefaultInstanceManager.java:506)
	at org.apache.catalina.core.DefaultInstanceManager.loadClassMaybePrivileged(DefaultInstanceManager.java:488)
	at org.apache.catalina.core.DefaultInstanceManager.newInstance(DefaultInstanceManager.java:115)
	at org.apache.catalina.core.StandardContext.listenerStart(StandardContext.java:4909)
	at org.apache.catalina.core.StandardContext.startInternal(StandardContext.java:5492)
	at org.apache.catalina.util.LifecycleBase.start(LifecycleBase.java:150)
	at org.apache.catalina.core.ContainerBase.addChildInternal(ContainerBase.java:901)
	at org.apache.catalina.core.ContainerBase.addChild(ContainerBase.java:877)
	at org.apache.catalina.core.StandardHost.addChild(StandardHost.java:649)
	at org.apache.catalina.startup.HostConfig.deployDirectory(HostConfig.java:1247)
	at org.apache.catalina.startup.HostConfig$DeployDirectory.run(HostConfig.java:1897)
	at java.util.concurrent.Executors$RunnableAdapter.call(Executors.java:511)
	at java.util.concurrent.FutureTask.run(FutureTask.java:266)
	at java.util.concurrent.ThreadPoolExecutor.runWorker(ThreadPoolExecutor.java:1142)
	at java.util.concurrent.ThreadPoolExecutor$Worker.run(ThreadPoolExecutor.java:617)
	at java.lang.Thread.run(Thread.java:745)

okt 21, 2014 8:49:30 EM org.apache.catalina.core.StandardContext listenerStart
ALLVARLIG: Error configuring application listener of class websocket.drawboard.DrawboardContextListener
java.lang.ClassNotFoundException: websocket.drawboard.DrawboardContextListener
	at org.apache.catalina.loader.WebappClassLoader.loadClass(WebappClassLoader.java:1720)
	at org.apache.catalina.loader.WebappClassLoader.loadClass(WebappClassLoader.java:1571)
	at org.apache.catalina.core.DefaultInstanceManager.loadClass(DefaultInstanceManager.java:506)
	at org.apache.catalina.core.DefaultInstanceManager.loadClassMaybePrivileged(DefaultInstanceManager.java:488)
	at org.apache.catalina.core.DefaultInstanceManager.newInstance(DefaultInstanceManager.java:115)
	at org.apache.catalina.core.StandardContext.listenerStart(StandardContext.java:4909)
	at org.apache.catalina.core.StandardContext.startInternal(StandardContext.java:5492)
	at org.apache.catalina.util.LifecycleBase.start(LifecycleBase.java:150)
	at org.apache.catalina.core.ContainerBase.addChildInternal(ContainerBase.java:901)
	at org.apache.catalina.core.ContainerBase.addChild(ContainerBase.java:877)
	at org.apache.catalina.core.StandardHost.addChild(StandardHost.java:649)
	at org.apache.catalina.startup.HostConfig.deployDirectory(HostConfig.java:1247)
	at org.apache.catalina.startup.HostConfig$DeployDirectory.run(HostConfig.java:1897)
	at java.util.concurrent.Executors$RunnableAdapter.call(Executors.java:511)
	at java.util.concurrent.FutureTask.run(FutureTask.java:266)
	at java.util.concurrent.ThreadPoolExecutor.runWorker(ThreadPoolExecutor.java:1142)
	at java.util.concurrent.ThreadPoolExecutor$Worker.run(ThreadPoolExecutor.java:617)
	at java.lang.Thread.run(Thread.java:745)

okt 21, 2014 8:49:30 EM org.apache.catalina.core.StandardContext listenerStart
ALLVARLIG: Skipped installing application listeners due to previous error(s)
okt 21, 2014 8:55:39 EM org.apache.catalina.core.ApplicationContext log
INFO: SessionListener: contextDestroyed()
okt 21, 2014 8:55:39 EM org.apache.catalina.core.ApplicationContext log
INFO: ContextListener: contextDestroyed()
