okt 12, 2014 9:20:37 EM org.apache.catalina.core.ApplicationContext log
INFO: HTMLManager: init: Associated with Deployer 'Catalina:type=Deployer,host=localhost'
okt 12, 2014 9:20:37 EM org.apache.catalina.core.ApplicationContext log
INFO: HTMLManager: init: Global resources are available
okt 12, 2014 9:20:37 EM org.apache.catalina.core.ApplicationContext log
INFO: HTMLManager: list: Listing contexts for virtual host 'localhost'
okt 12, 2014 9:20:46 EM org.apache.catalina.core.ApplicationContext log
INFO: HTMLManager: list: Listing contexts for virtual host 'localhost'
okt 12, 2014 9:20:56 EM org.apache.catalina.core.ApplicationContext log
INFO: HTMLManager: sessions: Session action 'null' for web application '/examples'
okt 12, 2014 9:21:14 EM org.apache.catalina.core.ApplicationContext log
INFO: HTMLManager: sessions: Session action 'sessionDetail' for web application '/examples'
okt 12, 2014 9:21:20 EM org.apache.catalina.core.ApplicationContext log
INFO: HTMLManager: sessions: Session action 'null' for web application '/examples'
okt 12, 2014 9:21:21 EM org.apache.catalina.core.ApplicationContext log
INFO: HTMLManager: sessions: Session action 'sessionDetail' for web application '/examples'
okt 12, 2014 9:21:27 EM org.apache.catalina.core.ApplicationContext log
INFO: HTMLManager: sessions: Session action 'null' for web application '/examples'
okt 12, 2014 9:21:28 EM org.apache.catalina.core.ApplicationContext log
INFO: HTMLManager: sessions: Session action 'sessionDetail' for web application '/examples'
okt 12, 2014 9:22:14 EM org.apache.catalina.core.ApplicationContext log
INFO: HTMLManager: list: Listing contexts for virtual host 'localhost'
okt 12, 2014 9:22:22 EM org.apache.catalina.core.ApplicationContext log
INFO: HTMLManager: list: Listing contexts for virtual host 'localhost'
